Performing C++ SOURCE FILE Test CMAKE_HAVE_LIBC_PTHREAD failed with the following output:
Change Dir: /media/paul/kalashkov/university/thirdTerm/vk/cloudSky/server/build/CMakeFiles/CMakeTmp

Run Build Command(s):/usr/bin/make cmTC_cb528/fast && /usr/bin/make -f CMakeFiles/cmTC_cb528.dir/build.make CMakeFiles/cmTC_cb528.dir/build
make[1]: Entering directory '/media/paul/kalashkov/university/thirdTerm/vk/cloudSky/server/build/CMakeFiles/CMakeTmp'
Building CXX object CMakeFiles/cmTC_cb528.dir/src.cxx.o
/usr/bin/c++    -DCMAKE_HAVE_LIBC_PTHREAD   -o CMakeFiles/cmTC_cb528.dir/src.cxx.o -c /media/paul/kalashkov/university/thirdTerm/vk/cloudSky/server/build/CMakeFiles/CMakeTmp/src.cxx
Linking CXX executable cmTC_cb528
/usr/bin/cmake -E cmake_link_script CMakeFiles/cmTC_cb528.dir/link.txt --verbose=1
/usr/bin/c++   -DCMAKE_HAVE_LIBC_PTHREAD    CMakeFiles/cmTC_cb528.dir/src.cxx.o  -o cmTC_cb528 
/usr/bin/ld: CMakeFiles/cmTC_cb528.dir/src.cxx.o: in function `main':
src.cxx:(.text+0x46): undefined reference to `pthread_create'
/usr/bin/ld: src.cxx:(.text+0x52): undefined reference to `pthread_detach'
/usr/bin/ld: src.cxx:(.text+0x63): undefined reference to `pthread_join'
collect2: error: ld returned 1 exit status
make[1]: *** [CMakeFiles/cmTC_cb528.dir/build.make:87: cmTC_cb528] Error 1
make[1]: Leaving directory '/media/paul/kalashkov/university/thirdTerm/vk/cloudSky/server/build/CMakeFiles/CMakeTmp'
make: *** [Makefile:121: cmTC_cb528/fast] Error 2


Source file was:
#include <pthread.h>

void* test_func(void* data)
{
  return data;
}

int main(void)
{
  pthread_t thread;
  pthread_create(&thread, NULL, test_func, NULL);
  pthread_detach(thread);
  pthread_join(thread, NULL);
  pthread_atfork(NULL, NULL, NULL);
  pthread_exit(NULL);

  return 0;
}

Determining if the function pthread_create exists in the pthreads failed with the following output:
Change Dir: /media/paul/kalashkov/university/thirdTerm/vk/cloudSky/server/build/CMakeFiles/CMakeTmp

Run Build Command(s):/usr/bin/make cmTC_0690b/fast && /usr/bin/make -f CMakeFiles/cmTC_0690b.dir/build.make CMakeFiles/cmTC_0690b.dir/build
make[1]: Entering directory '/media/paul/kalashkov/university/thirdTerm/vk/cloudSky/server/build/CMakeFiles/CMakeTmp'
Building CXX object CMakeFiles/cmTC_0690b.dir/CheckFunctionExists.cxx.o
/usr/bin/c++    -DCHECK_FUNCTION_EXISTS=pthread_create   -o CMakeFiles/cmTC_0690b.dir/CheckFunctionExists.cxx.o -c /media/paul/kalashkov/university/thirdTerm/vk/cloudSky/server/build/CMakeFiles/CheckLibraryExists/CheckFunctionExists.cxx
Linking CXX executable cmTC_0690b
/usr/bin/cmake -E cmake_link_script CMakeFiles/cmTC_0690b.dir/link.txt --verbose=1
/usr/bin/c++   -DCHECK_FUNCTION_EXISTS=pthread_create    CMakeFiles/cmTC_0690b.dir/CheckFunctionExists.cxx.o  -o cmTC_0690b  -lpthreads 
/usr/bin/ld: cannot find -lpthreads
collect2: error: ld returned 1 exit status
make[1]: *** [CMakeFiles/cmTC_0690b.dir/build.make:87: cmTC_0690b] Error 1
make[1]: Leaving directory '/media/paul/kalashkov/university/thirdTerm/vk/cloudSky/server/build/CMakeFiles/CMakeTmp'
make: *** [Makefile:121: cmTC_0690b/fast] Error 2



